CRITICAL - 2024-02-16 03:28:13 --> ParseError: syntax error, unexpected token "public", expecting end of file
in APPPATH\Controllers\Home.php on line 52.
 1 SYSTEMPATH\Autoloader\Autoloader.php(288): CodeIgniter\Autoloader\Autoloader->includeFile('C:\\xampp\\htdocs\\PasigCars.com\\app\\Controllers\\Home.php')
 2 SYSTEMPATH\Autoloader\Autoloader.php(266): CodeIgniter\Autoloader\Autoloader->loadInNamespace('App\\Controllers\\Home')
 3 [internal function]: CodeIgniter\Autoloader\Autoloader->loadClass('App\\Controllers\\Home')
 4 SYSTEMPATH\CodeIgniter.php(899): class_exists('\\App\\Controllers\\Home', true)
 5 SYSTEMPATH\CodeIgniter.php(489): CodeIgniter\CodeIgniter->startController()
 6 SYSTEMPATH\CodeIgniter.php(361): CodeIgniter\CodeIgniter->handleRequest(null, Object(Config\Cache), false)
 7 FCPATH\index.php(79): CodeIgniter\CodeIgniter->run()
 8 SYSTEMPATH\Commands\Server\rewrite.php(47): require_once('C:\\xampp\\htdocs\\PasigCars.com\\public\\index.php')
CRITICAL - 2024-02-16 03:29:05 --> ParseError: syntax error, unexpected token "public", expecting end of file
in APPPATH\Controllers\Home.php on line 52.
 1 SYSTEMPATH\Autoloader\Autoloader.php(288): CodeIgniter\Autoloader\Autoloader->includeFile('C:\\xampp\\htdocs\\PasigCars.com\\app\\Controllers\\Home.php')
 2 SYSTEMPATH\Autoloader\Autoloader.php(266): CodeIgniter\Autoloader\Autoloader->loadInNamespace('App\\Controllers\\Home')
 3 [internal function]: CodeIgniter\Autoloader\Autoloader->loadClass('App\\Controllers\\Home')
 4 SYSTEMPATH\CodeIgniter.php(899): class_exists('\\App\\Controllers\\Home', true)
 5 SYSTEMPATH\CodeIgniter.php(489): CodeIgniter\CodeIgniter->startController()
 6 SYSTEMPATH\CodeIgniter.php(361): CodeIgniter\CodeIgniter->handleRequest(null, Object(Config\Cache), false)
 7 FCPATH\index.php(79): CodeIgniter\CodeIgniter->run()
 8 SYSTEMPATH\Commands\Server\rewrite.php(47): require_once('C:\\xampp\\htdocs\\PasigCars.com\\public\\index.php')
CRITICAL - 2024-02-16 04:23:30 --> ErrorException: Cannot redeclare App\Controllers\Home::user()
in APPPATH\Controllers\Home.php on line 52.
 1 [internal function]: CodeIgniter\Debug\Exceptions->shutdownHandler()
CRITICAL - 2024-02-16 04:23:30 --> ErrorException: Cannot redeclare App\Controllers\Home::user()
in APPPATH\Controllers\Home.php on line 52.
 1 [internal function]: CodeIgniter\Debug\Exceptions->shutdownHandler()
CRITICAL - 2024-02-16 04:23:48 --> ErrorException: Cannot redeclare App\Controllers\Home::user()
in APPPATH\Controllers\Home.php on line 52.
 1 [internal function]: CodeIgniter\Debug\Exceptions->shutdownHandler()
CRITICAL - 2024-02-16 04:24:21 --> ErrorException: Cannot redeclare App\Controllers\Home::user()
in APPPATH\Controllers\Home.php on line 52.
 1 [internal function]: CodeIgniter\Debug\Exceptions->shutdownHandler()
