CRITICAL - 2024-02-29 02:13:55 --> ArgumentCountError: Too few arguments to function App\Controllers\Home::users(), 0 passed in C:\xampp\htdocs\PasigCars.com\system\CodeIgniter.php on line 941 and exactly 1 expected
in APPPATH\Controllers\Home.php on line 51.
 1 SYSTEMPATH\CodeIgniter.php(941): App\Controllers\Home->users()
 2 SYSTEMPATH\CodeIgniter.php(502): CodeIgniter\CodeIgniter->runController(Object(App\Controllers\Home))
 3 SYSTEMPATH\CodeIgniter.php(361): CodeIgniter\CodeIgniter->handleRequest(null, Object(Config\Cache), false)
 4 FCPATH\index.php(79): CodeIgniter\CodeIgniter->run()
 5 SYSTEMPATH\Commands\Server\rewrite.php(47): require_once('C:\\xampp\\htdocs\\PasigCars.com\\public\\index.php')
CRITICAL - 2024-02-29 02:15:26 --> ArgumentCountError: Too few arguments to function App\Controllers\Home::users(), 0 passed in C:\xampp\htdocs\PasigCars.com\system\CodeIgniter.php on line 941 and exactly 1 expected
in APPPATH\Controllers\Home.php on line 51.
 1 SYSTEMPATH\CodeIgniter.php(941): App\Controllers\Home->users()
 2 SYSTEMPATH\CodeIgniter.php(502): CodeIgniter\CodeIgniter->runController(Object(App\Controllers\Home))
 3 SYSTEMPATH\CodeIgniter.php(361): CodeIgniter\CodeIgniter->handleRequest(null, Object(Config\Cache), false)
 4 FCPATH\index.php(79): CodeIgniter\CodeIgniter->run()
 5 SYSTEMPATH\Commands\Server\rewrite.php(47): require_once('C:\\xampp\\htdocs\\PasigCars.com\\public\\index.php')
CRITICAL - 2024-02-29 02:16:12 --> ArgumentCountError: Too few arguments to function App\Controllers\Home::users(), 0 passed in C:\xampp\htdocs\PasigCars.com\system\CodeIgniter.php on line 941 and exactly 1 expected
in APPPATH\Controllers\Home.php on line 51.
 1 SYSTEMPATH\CodeIgniter.php(941): App\Controllers\Home->users()
 2 SYSTEMPATH\CodeIgniter.php(502): CodeIgniter\CodeIgniter->runController(Object(App\Controllers\Home))
 3 SYSTEMPATH\CodeIgniter.php(361): CodeIgniter\CodeIgniter->handleRequest(null, Object(Config\Cache), false)
 4 FCPATH\index.php(79): CodeIgniter\CodeIgniter->run()
 5 SYSTEMPATH\Commands\Server\rewrite.php(47): require_once('C:\\xampp\\htdocs\\PasigCars.com\\public\\index.php')
CRITICAL - 2024-02-29 02:18:22 --> CodeIgniter\View\Exceptions\ViewException: Invalid file: "usersprofile.php"
in SYSTEMPATH\Exceptions\FrameworkException.php on line 39.
 1 SYSTEMPATH\View\View.php(216): CodeIgniter\Exceptions\FrameworkException::forInvalidFile('usersprofile.php')
 2 SYSTEMPATH\Common.php(1178): CodeIgniter\View\View->render('usersprofile', [], true)
 3 APPPATH\Controllers\Home.php(60): view('usersprofile', [...])
 4 SYSTEMPATH\CodeIgniter.php(941): App\Controllers\Home->user('3')
 5 SYSTEMPATH\CodeIgniter.php(502): CodeIgniter\CodeIgniter->runController(Object(App\Controllers\Home))
 6 SYSTEMPATH\CodeIgniter.php(361): CodeIgniter\CodeIgniter->handleRequest(null, Object(Config\Cache), false)
 7 FCPATH\index.php(79): CodeIgniter\CodeIgniter->run()
 8 SYSTEMPATH\Commands\Server\rewrite.php(47): require_once('C:\\xampp\\htdocs\\PasigCars.com\\public\\index.php')
